[22-Sep-2017 20:34:29 UTC] PHP Warning:  include(inc/functions.php): failed to open stream: No such file or directory in /home/ubuntu/workspace/cst336-github/HW2/index.php on line 2
[22-Sep-2017 20:34:30 UTC] PHP Stack trace:
[22-Sep-2017 20:34:30 UTC] PHP   1. {main}() /home/ubuntu/workspace/cst336-github/HW2/index.php:0
[22-Sep-2017 20:34:30 UTC] PHP Warning:  include(): Failed opening 'inc/functions.php' for inclusion (include_path='.:/usr/share/php:/usr/share/pear') in /home/ubuntu/workspace/cst336-github/HW2/index.php on line 2
[22-Sep-2017 20:34:30 UTC] PHP Stack trace:
[22-Sep-2017 20:34:30 UTC] PHP   1. {main}() /home/ubuntu/workspace/cst336-github/HW2/index.php:0
[22-Sep-2017 20:34:30 UTC] PHP Fatal error:  Call to undefined function play() in /home/ubuntu/workspace/cst336-github/HW2/index.php on line 19
[22-Sep-2017 20:34:30 UTC] PHP Stack trace:
[22-Sep-2017 20:34:30 UTC] PHP   1. {main}() /home/ubuntu/workspace/cst336-github/HW2/index.php:0
[22-Sep-2017 20:34:54 UTC] PHP Warning:  include(inc/functions.php): failed to open stream: No such file or directory in /home/ubuntu/workspace/cst336-github/HW2/index.php on line 2
[22-Sep-2017 20:34:54 UTC] PHP Stack trace:
[22-Sep-2017 20:34:54 UTC] PHP   1. {main}() /home/ubuntu/workspace/cst336-github/HW2/index.php:0
[22-Sep-2017 20:34:54 UTC] PHP Warning:  include(): Failed opening 'inc/functions.php' for inclusion (include_path='.:/usr/share/php:/usr/share/pear') in /home/ubuntu/workspace/cst336-github/HW2/index.php on line 2
[22-Sep-2017 20:34:54 UTC] PHP Stack trace:
[22-Sep-2017 20:34:54 UTC] PHP   1. {main}() /home/ubuntu/workspace/cst336-github/HW2/index.php:0
[22-Sep-2017 20:34:54 UTC] PHP Fatal error:  Call to undefined function play() in /home/ubuntu/workspace/cst336-github/HW2/index.php on line 19
[22-Sep-2017 20:34:54 UTC] PHP Stack trace:
[22-Sep-2017 20:34:54 UTC] PHP   1. {main}() /home/ubuntu/workspace/cst336-github/HW2/index.php:0
[22-Sep-2017 20:35:44 UTC] PHP Warning:  include(inc/functions.php): failed to open stream: No such file or directory in /home/ubuntu/workspace/cst336-github/HW2/index.php on line 2
[22-Sep-2017 20:35:44 UTC] PHP Stack trace:
[22-Sep-2017 20:35:44 UTC] PHP   1. {main}() /home/ubuntu/workspace/cst336-github/HW2/index.php:0
[22-Sep-2017 20:35:44 UTC] PHP Warning:  include(): Failed opening 'inc/functions.php' for inclusion (include_path='.:/usr/share/php:/usr/share/pear') in /home/ubuntu/workspace/cst336-github/HW2/index.php on line 2
[22-Sep-2017 20:35:44 UTC] PHP Stack trace:
[22-Sep-2017 20:35:44 UTC] PHP   1. {main}() /home/ubuntu/workspace/cst336-github/HW2/index.php:0
[22-Sep-2017 20:35:44 UTC] PHP Fatal error:  Call to undefined function play() in /home/ubuntu/workspace/cst336-github/HW2/index.php on line 19
[22-Sep-2017 20:35:44 UTC] PHP Stack trace:
[22-Sep-2017 20:35:44 UTC] PHP   1. {main}() /home/ubuntu/workspace/cst336-github/HW2/index.php:0
[22-Sep-2017 20:35:45 UTC] PHP Warning:  include(inc/functions.php): failed to open stream: No such file or directory in /home/ubuntu/workspace/cst336-github/HW2/index.php on line 2
[22-Sep-2017 20:35:45 UTC] PHP Stack trace:
[22-Sep-2017 20:35:45 UTC] PHP   1. {main}() /home/ubuntu/workspace/cst336-github/HW2/index.php:0
[22-Sep-2017 20:35:45 UTC] PHP Warning:  include(): Failed opening 'inc/functions.php' for inclusion (include_path='.:/usr/share/php:/usr/share/pear') in /home/ubuntu/workspace/cst336-github/HW2/index.php on line 2
[22-Sep-2017 20:35:45 UTC] PHP Stack trace:
[22-Sep-2017 20:35:45 UTC] PHP   1. {main}() /home/ubuntu/workspace/cst336-github/HW2/index.php:0
[22-Sep-2017 20:35:45 UTC] PHP Fatal error:  Call to undefined function play() in /home/ubuntu/workspace/cst336-github/HW2/index.php on line 19
[22-Sep-2017 20:35:45 UTC] PHP Stack trace:
[22-Sep-2017 20:35:45 UTC] PHP   1. {main}() /home/ubuntu/workspace/cst336-github/HW2/index.php:0
[22-Sep-2017 20:35:53 UTC] PHP Warning:  include(/functions.php): failed to open stream: No such file or directory in /home/ubuntu/workspace/cst336-github/HW2/index.php on line 2
[22-Sep-2017 20:35:53 UTC] PHP Stack trace:
[22-Sep-2017 20:35:53 UTC] PHP   1. {main}() /home/ubuntu/workspace/cst336-github/HW2/index.php:0
[22-Sep-2017 20:35:53 UTC] PHP Warning:  include(): Failed opening '/functions.php' for inclusion (include_path='.:/usr/share/php:/usr/share/pear') in /home/ubuntu/workspace/cst336-github/HW2/index.php on line 2
[22-Sep-2017 20:35:53 UTC] PHP Stack trace:
[22-Sep-2017 20:35:53 UTC] PHP   1. {main}() /home/ubuntu/workspace/cst336-github/HW2/index.php:0
[22-Sep-2017 20:35:53 UTC] PHP Fatal error:  Call to undefined function play() in /home/ubuntu/workspace/cst336-github/HW2/index.php on line 19
[22-Sep-2017 20:35:53 UTC] PHP Stack trace:
[22-Sep-2017 20:35:53 UTC] PHP   1. {main}() /home/ubuntu/workspace/cst336-github/HW2/index.php:0
[22-Sep-2017 20:35:54 UTC] PHP Warning:  include(/functions.php): failed to open stream: No such file or directory in /home/ubuntu/workspace/cst336-github/HW2/index.php on line 2
[22-Sep-2017 20:35:54 UTC] PHP Stack trace:
[22-Sep-2017 20:35:54 UTC] PHP   1. {main}() /home/ubuntu/workspace/cst336-github/HW2/index.php:0
[22-Sep-2017 20:35:54 UTC] PHP Warning:  include(): Failed opening '/functions.php' for inclusion (include_path='.:/usr/share/php:/usr/share/pear') in /home/ubuntu/workspace/cst336-github/HW2/index.php on line 2
[22-Sep-2017 20:35:54 UTC] PHP Stack trace:
[22-Sep-2017 20:35:54 UTC] PHP   1. {main}() /home/ubuntu/workspace/cst336-github/HW2/index.php:0
[22-Sep-2017 20:35:54 UTC] PHP Fatal error:  Call to undefined function play() in /home/ubuntu/workspace/cst336-github/HW2/index.php on line 19
[22-Sep-2017 20:35:54 UTC] PHP Stack trace:
[22-Sep-2017 20:35:54 UTC] PHP   1. {main}() /home/ubuntu/workspace/cst336-github/HW2/index.php:0
[23-Sep-2017 15:30:09 UTC] PHP Warning:  include(functions.php): failed to open stream: No such file or directory in /home/ubuntu/workspace/cst336-github/HW2/indexhw2.php on line 2
[23-Sep-2017 15:30:09 UTC] PHP Stack trace:
[23-Sep-2017 15:30:09 UTC] PHP   1. {main}() /home/ubuntu/workspace/cst336-github/HW2/indexhw2.php:0
[23-Sep-2017 15:30:09 UTC] PHP Warning:  include(): Failed opening 'functions.php' for inclusion (include_path='.:/usr/share/php:/usr/share/pear') in /home/ubuntu/workspace/cst336-github/HW2/indexhw2.php on line 2
[23-Sep-2017 15:30:09 UTC] PHP Stack trace:
[23-Sep-2017 15:30:09 UTC] PHP   1. {main}() /home/ubuntu/workspace/cst336-github/HW2/indexhw2.php:0
[23-Sep-2017 15:30:09 UTC] PHP Fatal error:  Call to undefined function play() in /home/ubuntu/workspace/cst336-github/HW2/indexhw2.php on line 20
[23-Sep-2017 15:30:09 UTC] PHP Stack trace:
[23-Sep-2017 15:30:09 UTC] PHP   1. {main}() /home/ubuntu/workspace/cst336-github/HW2/indexhw2.php:0
[23-Sep-2017 15:30:11 UTC] PHP Warning:  include(functions.php): failed to open stream: No such file or directory in /home/ubuntu/workspace/cst336-github/HW2/indexhw2.php on line 2
[23-Sep-2017 15:30:11 UTC] PHP Stack trace:
[23-Sep-2017 15:30:11 UTC] PHP   1. {main}() /home/ubuntu/workspace/cst336-github/HW2/indexhw2.php:0
[23-Sep-2017 15:30:11 UTC] PHP Warning:  include(): Failed opening 'functions.php' for inclusion (include_path='.:/usr/share/php:/usr/share/pear') in /home/ubuntu/workspace/cst336-github/HW2/indexhw2.php on line 2
[23-Sep-2017 15:30:11 UTC] PHP Stack trace:
[23-Sep-2017 15:30:11 UTC] PHP   1. {main}() /home/ubuntu/workspace/cst336-github/HW2/indexhw2.php:0
[23-Sep-2017 15:30:11 UTC] PHP Fatal error:  Call to undefined function play() in /home/ubuntu/workspace/cst336-github/HW2/indexhw2.php on line 20
[23-Sep-2017 15:30:11 UTC] PHP Stack trace:
[23-Sep-2017 15:30:11 UTC] PHP   1. {main}() /home/ubuntu/workspace/cst336-github/HW2/indexhw2.php:0
[23-Sep-2017 15:42:52 UTC] PHP Fatal error:  Call to undefined function displayPoints() in /home/ubuntu/workspace/cst336-github/HW2/functionshw2.php on line 41
[23-Sep-2017 15:42:52 UTC] PHP Stack trace:
[23-Sep-2017 15:42:52 UTC] PHP   1. {main}() /home/ubuntu/workspace/cst336-github/HW2/indexhw2.php:0
[23-Sep-2017 15:42:52 UTC] PHP   2. play() /home/ubuntu/workspace/cst336-github/HW2/indexhw2.php:20
[23-Sep-2017 15:44:39 UTC] PHP Warning:  Missing argument 2 for displaySymbol(), called in /home/ubuntu/workspace/cst336-github/HW2/functionshw2.php on line 39 and defined in /home/ubuntu/workspace/cst336-github/HW2/functionshw2.php on line 5
[23-Sep-2017 15:44:39 UTC] PHP Stack trace:
[23-Sep-2017 15:44:39 UTC] PHP   1. {main}() /home/ubuntu/workspace/cst336-github/HW2/indexhw2.php:0
[23-Sep-2017 15:44:39 UTC] PHP   2. play() /home/ubuntu/workspace/cst336-github/HW2/indexhw2.php:20
[23-Sep-2017 15:44:39 UTC] PHP   3. displaySymbol() /home/ubuntu/workspace/cst336-github/HW2/functionshw2.php:39
[23-Sep-2017 19:46:40 UTC] PHP Parse error:  syntax error, unexpected 'echo' (T_ECHO) in /home/ubuntu/workspace/cst336-github/HW2/functionshw2.php on line 40
[23-Sep-2017 19:46:40 UTC] PHP Stack trace:
[23-Sep-2017 19:46:40 UTC] PHP   1. {main}() /home/ubuntu/workspace/cst336-github/HW2/indexhw2.php:0
[23-Sep-2017 19:47:32 UTC] PHP Parse error:  syntax error, unexpected 'echo' (T_ECHO) in /home/ubuntu/workspace/cst336-github/HW2/functionshw2.php on line 40
[23-Sep-2017 19:47:32 UTC] PHP Stack trace:
[23-Sep-2017 19:47:32 UTC] PHP   1. {main}() /home/ubuntu/workspace/cst336-github/HW2/indexhw2.php:0
[24-Sep-2017 16:11:02 UTC] PHP Parse error:  syntax error, unexpected '++' (T_INC), expecting variable (T_VARIABLE) or '$' in /home/ubuntu/workspace/cst336-github/HW2/functionshw2.php on line 66
[24-Sep-2017 16:11:02 UTC] PHP Stack trace:
[24-Sep-2017 16:11:02 UTC] PHP   1. {main}() /home/ubuntu/workspace/cst336-github/HW2/indexhw2.php:0
[24-Sep-2017 16:11:19 UTC] PHP Parse error:  syntax error, unexpected '++' (T_INC), expecting variable (T_VARIABLE) or '$' in /home/ubuntu/workspace/cst336-github/HW2/functionshw2.php on line 66
[24-Sep-2017 16:11:19 UTC] PHP Stack trace:
[24-Sep-2017 16:11:19 UTC] PHP   1. {main}() /home/ubuntu/workspace/cst336-github/HW2/indexhw2.php:0
[24-Sep-2017 16:11:21 UTC] PHP Parse error:  syntax error, unexpected '++' (T_INC), expecting variable (T_VARIABLE) or '$' in /home/ubuntu/workspace/cst336-github/HW2/functionshw2.php on line 66
[24-Sep-2017 16:11:21 UTC] PHP Stack trace:
[24-Sep-2017 16:11:21 UTC] PHP   1. {main}() /home/ubuntu/workspace/cst336-github/HW2/indexhw2.php:0
[24-Sep-2017 16:11:22 UTC] PHP Parse error:  syntax error, unexpected '++' (T_INC), expecting variable (T_VARIABLE) or '$' in /home/ubuntu/workspace/cst336-github/HW2/functionshw2.php on line 66
[24-Sep-2017 16:11:22 UTC] PHP Stack trace:
[24-Sep-2017 16:11:22 UTC] PHP   1. {main}() /home/ubuntu/workspace/cst336-github/HW2/indexhw2.php:0
[24-Sep-2017 16:25:50 UTC] PHP Parse error:  syntax error, unexpected ''This is a'' (T_CONSTANT_ENCAPSED_STRING), expecting ',' or ';' in /home/ubuntu/workspace/cst336-github/HW2/functionshw2.php on line 69
[24-Sep-2017 16:25:50 UTC] PHP Stack trace:
[24-Sep-2017 16:25:50 UTC] PHP   1. {main}() /home/ubuntu/workspace/cst336-github/HW2/indexhw2.php:0
[24-Sep-2017 16:25:52 UTC] PHP Parse error:  syntax error, unexpected ''This is a'' (T_CONSTANT_ENCAPSED_STRING), expecting ',' or ';' in /home/ubuntu/workspace/cst336-github/HW2/functionshw2.php on line 69
[24-Sep-2017 16:25:52 UTC] PHP Stack trace:
[24-Sep-2017 16:25:52 UTC] PHP   1. {main}() /home/ubuntu/workspace/cst336-github/HW2/indexhw2.php:0
[24-Sep-2017 16:26:22 UTC] PHP Parse error:  syntax error, unexpected '"This is a "' (T_CONSTANT_ENCAPSED_STRING), expecting ',' or ';' in /home/ubuntu/workspace/cst336-github/HW2/functionshw2.php on line 69
[24-Sep-2017 16:26:22 UTC] PHP Stack trace:
[24-Sep-2017 16:26:22 UTC] PHP   1. {main}() /home/ubuntu/workspace/cst336-github/HW2/indexhw2.php:0
[24-Sep-2017 16:26:22 UTC] PHP Parse error:  syntax error, unexpected '"This is a "' (T_CONSTANT_ENCAPSED_STRING), expecting ',' or ';' in /home/ubuntu/workspace/cst336-github/HW2/functionshw2.php on line 69
[24-Sep-2017 16:26:22 UTC] PHP Stack trace:
[24-Sep-2017 16:26:22 UTC] PHP   1. {main}() /home/ubuntu/workspace/cst336-github/HW2/indexhw2.php:0
[24-Sep-2017 16:42:45 UTC] PHP Parse error:  syntax error, unexpected 'function' (T_FUNCTION) in /home/ubuntu/workspace/cst336-github/HW2/functionshw2.php on line 6
[24-Sep-2017 16:42:45 UTC] PHP Stack trace:
[24-Sep-2017 16:42:45 UTC] PHP   1. {main}() /home/ubuntu/workspace/cst336-github/HW2/indexhw2.php:0
[24-Sep-2017 16:43:18 UTC] PHP Parse error:  syntax error, unexpected 'function' (T_FUNCTION) in /home/ubuntu/workspace/cst336-github/HW2/functionshw2.php on line 6
[24-Sep-2017 16:43:18 UTC] PHP Stack trace:
[24-Sep-2017 16:43:18 UTC] PHP   1. {main}() /home/ubuntu/workspace/cst336-github/HW2/indexhw2.php:0
[24-Sep-2017 16:43:59 UTC] PHP Parse error:  syntax error, unexpected 'text' (T_STRING), expecting ',' or ';' in /home/ubuntu/workspace/cst336-github/HW2/functionshw2.php on line 70
[24-Sep-2017 16:43:59 UTC] PHP Stack trace:
[24-Sep-2017 16:43:59 UTC] PHP   1. {main}() /home/ubuntu/workspace/cst336-github/HW2/indexhw2.php:0
[24-Sep-2017 17:05:23 UTC] PHP Parse error:  syntax error, unexpected '}', expecting ',' or ';' in /home/ubuntu/workspace/cst336-github/HW2/functionshw2.php on line 77
[24-Sep-2017 17:05:23 UTC] PHP Stack trace:
[24-Sep-2017 17:05:23 UTC] PHP   1. {main}() /home/ubuntu/workspace/cst336-github/HW2/indexhw2.php:0
[24-Sep-2017 17:28:47 UTC] PHP Parse error:  syntax error, unexpected '.' in /home/ubuntu/workspace/cst336-github/HW2/functionshw2.php on line 78
[24-Sep-2017 17:28:47 UTC] PHP Stack trace:
[24-Sep-2017 17:28:47 UTC] PHP   1. {main}() /home/ubuntu/workspace/cst336-github/HW2/indexhw2.php:0
[02-Oct-2017 20:28:17 UTC] PHP Warning:  include(api/pixabayAPI.php): failed to open stream: No such file or directory in /home/ubuntu/workspace/cst336-github/Week5_class/index1.php on line 5
[02-Oct-2017 20:28:17 UTC] PHP Stack trace:
[02-Oct-2017 20:28:17 UTC] PHP   1. {main}() /home/ubuntu/workspace/cst336-github/Week5_class/index1.php:0
[02-Oct-2017 20:28:17 UTC] PHP Warning:  include(): Failed opening 'api/pixabayAPI.php' for inclusion (include_path='.:/usr/share/php:/usr/share/pear') in /home/ubuntu/workspace/cst336-github/Week5_class/index1.php on line 5
[02-Oct-2017 20:28:17 UTC] PHP Stack trace:
[02-Oct-2017 20:28:17 UTC] PHP   1. {main}() /home/ubuntu/workspace/cst336-github/Week5_class/index1.php:0
[02-Oct-2017 20:28:17 UTC] PHP Fatal error:  Call to undefined function getImageURLs() in /home/ubuntu/workspace/cst336-github/Week5_class/index1.php on line 7
[02-Oct-2017 20:28:17 UTC] PHP Stack trace:
[02-Oct-2017 20:28:17 UTC] PHP   1. {main}() /home/ubuntu/workspace/cst336-github/Week5_class/index1.php:0
[02-Oct-2017 20:35:28 UTC] PHP Warning:  include(api/pixabayAPI.php): failed to open stream: No such file or directory in /home/ubuntu/workspace/cst336-github/Week5_class/index1.php on line 5
[02-Oct-2017 20:35:28 UTC] PHP Stack trace:
[02-Oct-2017 20:35:28 UTC] PHP   1. {main}() /home/ubuntu/workspace/cst336-github/Week5_class/index1.php:0
[02-Oct-2017 20:35:28 UTC] PHP Warning:  include(): Failed opening 'api/pixabayAPI.php' for inclusion (include_path='.:/usr/share/php:/usr/share/pear') in /home/ubuntu/workspace/cst336-github/Week5_class/index1.php on line 5
[02-Oct-2017 20:35:28 UTC] PHP Stack trace:
[02-Oct-2017 20:35:28 UTC] PHP   1. {main}() /home/ubuntu/workspace/cst336-github/Week5_class/index1.php:0
[02-Oct-2017 20:35:28 UTC] PHP Fatal error:  Call to undefined function getImageURLs() in /home/ubuntu/workspace/cst336-github/Week5_class/index1.php on line 7
[02-Oct-2017 20:35:28 UTC] PHP Stack trace:
[02-Oct-2017 20:35:28 UTC] PHP   1. {main}() /home/ubuntu/workspace/cst336-github/Week5_class/index1.php:0
[02-Oct-2017 20:45:41 UTC] PHP Warning:  include(api/pixabayAPI.php): failed to open stream: No such file or directory in /home/ubuntu/workspace/cst336-github/Week5_class/joel.php on line 9
[02-Oct-2017 20:45:41 UTC] PHP Stack trace:
[02-Oct-2017 20:45:41 UTC] PHP   1. {main}() /home/ubuntu/workspace/cst336-github/Week5_class/joel.php:0
[02-Oct-2017 20:45:41 UTC] PHP Warning:  include(): Failed opening 'api/pixabayAPI.php' for inclusion (include_path='.:/usr/share/php:/usr/share/pear') in /home/ubuntu/workspace/cst336-github/Week5_class/joel.php on line 9
[02-Oct-2017 20:45:41 UTC] PHP Stack trace:
[02-Oct-2017 20:45:41 UTC] PHP   1. {main}() /home/ubuntu/workspace/cst336-github/Week5_class/joel.php:0
[02-Oct-2017 20:45:41 UTC] PHP Fatal error:  Call to undefined function getImageURLs() in /home/ubuntu/workspace/cst336-github/Week5_class/joel.php on line 20
[02-Oct-2017 20:45:41 UTC] PHP Stack trace:
[02-Oct-2017 20:45:41 UTC] PHP   1. {main}() /home/ubuntu/workspace/cst336-github/Week5_class/joel.php:0
[02-Oct-2017 20:46:40 UTC] PHP Warning:  include(api/pixabayAPI.php): failed to open stream: No such file or directory in /home/ubuntu/workspace/cst336-github/Week5_class/index.php on line 9
[02-Oct-2017 20:46:40 UTC] PHP Stack trace:
[02-Oct-2017 20:46:40 UTC] PHP   1. {main}() /home/ubuntu/workspace/cst336-github/Week5_class/index.php:0
[02-Oct-2017 20:46:40 UTC] PHP Warning:  include(): Failed opening 'api/pixabayAPI.php' for inclusion (include_path='.:/usr/share/php:/usr/share/pear') in /home/ubuntu/workspace/cst336-github/Week5_class/index.php on line 9
[02-Oct-2017 20:46:40 UTC] PHP Stack trace:
[02-Oct-2017 20:46:40 UTC] PHP   1. {main}() /home/ubuntu/workspace/cst336-github/Week5_class/index.php:0
[02-Oct-2017 20:46:40 UTC] PHP Fatal error:  Call to undefined function getImageURLs() in /home/ubuntu/workspace/cst336-github/Week5_class/index.php on line 20
[02-Oct-2017 20:46:40 UTC] PHP Stack trace:
[02-Oct-2017 20:46:40 UTC] PHP   1. {main}() /home/ubuntu/workspace/cst336-github/Week5_class/index.php:0
[02-Oct-2017 20:48:19 UTC] PHP Warning:  include(api/pixabayAPI.php): failed to open stream: No such file or directory in /home/ubuntu/workspace/cst336-github/Week5_class/index.php on line 9
[02-Oct-2017 20:48:19 UTC] PHP Stack trace:
[02-Oct-2017 20:48:19 UTC] PHP   1. {main}() /home/ubuntu/workspace/cst336-github/Week5_class/index.php:0
[02-Oct-2017 20:48:19 UTC] PHP Warning:  include(): Failed opening 'api/pixabayAPI.php' for inclusion (include_path='.:/usr/share/php:/usr/share/pear') in /home/ubuntu/workspace/cst336-github/Week5_class/index.php on line 9
[02-Oct-2017 20:48:19 UTC] PHP Stack trace:
[02-Oct-2017 20:48:19 UTC] PHP   1. {main}() /home/ubuntu/workspace/cst336-github/Week5_class/index.php:0
[02-Oct-2017 20:48:19 UTC] PHP Fatal error:  Call to undefined function getImageURLs() in /home/ubuntu/workspace/cst336-github/Week5_class/index.php on line 23
[02-Oct-2017 20:48:19 UTC] PHP Stack trace:
[02-Oct-2017 20:48:19 UTC] PHP   1. {main}() /home/ubuntu/workspace/cst336-github/Week5_class/index.php:0
[08-Oct-2017 01:26:17 UTC] PHP Warning:  include(HW4/action_page.php): failed to open stream: No such file or directory in /home/ubuntu/workspace/cst336-github/HW4/hw4_Practice.php on line 2
[08-Oct-2017 01:26:17 UTC] PHP Stack trace:
[08-Oct-2017 01:26:17 UTC] PHP   1. {main}() /home/ubuntu/workspace/cst336-github/HW4/hw4_Practice.php:0
[08-Oct-2017 01:26:17 UTC] PHP Warning:  include(): Failed opening 'HW4/action_page.php' for inclusion (include_path='.:/usr/share/php:/usr/share/pear') in /home/ubuntu/workspace/cst336-github/HW4/hw4_Practice.php on line 2
[08-Oct-2017 01:26:17 UTC] PHP Stack trace:
[08-Oct-2017 01:26:17 UTC] PHP   1. {main}() /home/ubuntu/workspace/cst336-github/HW4/hw4_Practice.php:0
[08-Oct-2017 01:26:17 UTC] PHP Fatal error:  Call to undefined function check() in /home/ubuntu/workspace/cst336-github/HW4/hw4_Practice.php on line 59
[08-Oct-2017 01:26:17 UTC] PHP Stack trace:
[08-Oct-2017 01:26:17 UTC] PHP   1. {main}() /home/ubuntu/workspace/cst336-github/HW4/hw4_Practice.php:0
[08-Oct-2017 01:26:49 UTC] PHP Warning:  include(HW4/action_page.php): failed to open stream: No such file or directory in /home/ubuntu/workspace/cst336-github/HW4/hw4_Practice.php on line 2
[08-Oct-2017 01:26:49 UTC] PHP Stack trace:
[08-Oct-2017 01:26:49 UTC] PHP   1. {main}() /home/ubuntu/workspace/cst336-github/HW4/hw4_Practice.php:0
[08-Oct-2017 01:26:49 UTC] PHP Warning:  include(): Failed opening 'HW4/action_page.php' for inclusion (include_path='.:/usr/share/php:/usr/share/pear') in /home/ubuntu/workspace/cst336-github/HW4/hw4_Practice.php on line 2
[08-Oct-2017 01:26:49 UTC] PHP Stack trace:
[08-Oct-2017 01:26:49 UTC] PHP   1. {main}() /home/ubuntu/workspace/cst336-github/HW4/hw4_Practice.php:0
[08-Oct-2017 01:26:49 UTC] PHP Fatal error:  Call to undefined function check() in /home/ubuntu/workspace/cst336-github/HW4/hw4_Practice.php on line 59
[08-Oct-2017 01:26:49 UTC] PHP Stack trace:
[08-Oct-2017 01:26:49 UTC] PHP   1. {main}() /home/ubuntu/workspace/cst336-github/HW4/hw4_Practice.php:0
[08-Oct-2017 01:27:26 UTC] PHP Warning:  include(HW4/action_page.php): failed to open stream: No such file or directory in /home/ubuntu/workspace/cst336-github/HW4/hw4_Practice.php on line 2
[08-Oct-2017 01:27:26 UTC] PHP Stack trace:
[08-Oct-2017 01:27:26 UTC] PHP   1. {main}() /home/ubuntu/workspace/cst336-github/HW4/hw4_Practice.php:0
[08-Oct-2017 01:27:26 UTC] PHP Warning:  include(): Failed opening 'HW4/action_page.php' for inclusion (include_path='.:/usr/share/php:/usr/share/pear') in /home/ubuntu/workspace/cst336-github/HW4/hw4_Practice.php on line 2
[08-Oct-2017 01:27:26 UTC] PHP Stack trace:
[08-Oct-2017 01:27:26 UTC] PHP   1. {main}() /home/ubuntu/workspace/cst336-github/HW4/hw4_Practice.php:0
[08-Oct-2017 01:27:26 UTC] PHP Fatal error:  Call to undefined function check() in /home/ubuntu/workspace/cst336-github/HW4/hw4_Practice.php on line 59
[08-Oct-2017 01:27:26 UTC] PHP Stack trace:
[08-Oct-2017 01:27:26 UTC] PHP   1. {main}() /home/ubuntu/workspace/cst336-github/HW4/hw4_Practice.php:0
[18-Oct-2017 21:22:27 UTC] PHP Fatal error:  Call to undefined function getDeviceTypes() in /home/ubuntu/workspace/cst336-github/Lab5/index.php on line 98
[18-Oct-2017 21:22:27 UTC] PHP Stack trace:
[18-Oct-2017 21:22:27 UTC] PHP   1. {main}() /home/ubuntu/workspace/cst336-github/Lab5/index.php:0
[18-Oct-2017 22:30:09 UTC] PHP Parse error:  syntax error, unexpected '}' in /home/ubuntu/workspace/cst336-github/Lab5/index.php on line 118
[18-Oct-2017 22:38:49 UTC] PHP Catchable fatal error:  Object of class mysqli_result could not be converted to string in /home/ubuntu/workspace/cst336-github/Lab5/index.php on line 77
[18-Oct-2017 22:38:49 UTC] PHP Stack trace:
[18-Oct-2017 22:38:49 UTC] PHP   1. {main}() /home/ubuntu/workspace/cst336-github/Lab5/index.php:0
[18-Oct-2017 22:38:49 UTC] PHP   2. displayDevices() /home/ubuntu/workspace/cst336-github/Lab5/index.php:142
[18-Oct-2017 23:31:42 UTC] PHP Parse error:  syntax error, unexpected end of file in /home/ubuntu/workspace/cst336-github/Lab5/index.php on line 173
[18-Oct-2017 23:33:37 UTC] PHP Parse error:  syntax error, unexpected end of file in /home/ubuntu/workspace/cst336-github/Lab5/index.php on line 173
[18-Oct-2017 23:33:44 UTC] PHP Parse error:  syntax error, unexpected end of file in /home/ubuntu/workspace/cst336-github/Lab5/index.php on line 173
[18-Oct-2017 23:33:52 UTC] PHP Parse error:  syntax error, unexpected end of file in /home/ubuntu/workspace/cst336-github/Lab5/index.php on line 173
[18-Oct-2017 23:33:56 UTC] PHP Parse error:  syntax error, unexpected end of file in /home/ubuntu/workspace/cst336-github/Lab5/index.php on line 173
[18-Oct-2017 23:34:25 UTC] PHP Parse error:  syntax error, unexpected end of file in /home/ubuntu/workspace/cst336-github/Lab5/index.php on line 173
[18-Oct-2017 23:34:34 UTC] PHP Parse error:  syntax error, unexpected end of file in /home/ubuntu/workspace/cst336-github/Lab5/index.php on line 173
[18-Oct-2017 23:37:09 UTC] PHP Parse error:  syntax error, unexpected end of file in /home/ubuntu/workspace/cst336-github/Lab5/index.php on line 173
[18-Oct-2017 23:37:55 UTC] PHP Parse error:  syntax error, unexpected end of file in /home/ubuntu/workspace/cst336-github/Lab5/index.php on line 174
[18-Oct-2017 23:38:06 UTC] PHP Parse error:  syntax error, unexpected end of file in /home/ubuntu/workspace/cst336-github/Lab5/index.php on line 174
[19-Oct-2017 00:20:52 UTC] PHP Parse error:  syntax error, unexpected '}', expecting ',' or ';' in /home/ubuntu/workspace/cst336-github/Lab5/index.php on line 84
[19-Oct-2017 23:08:25 UTC] PHP Parse error:  syntax error, unexpected '}', expecting ',' or ';' in /home/ubuntu/workspace/cst336-github/Lab5/index.php on line 56
[31-Oct-2017 21:31:34 UTC] PHP Warning:  include(../../database.php): failed to open stream: No such file or directory in /home/ubuntu/workspace/cst336-github/Lab6/index.php on line 23
[31-Oct-2017 21:31:34 UTC] PHP Stack trace:
[31-Oct-2017 21:31:34 UTC] PHP   1. {main}() /home/ubuntu/workspace/cst336-github/Lab6/index.php:0
[31-Oct-2017 21:31:34 UTC] PHP   2. loginProcess() /home/ubuntu/workspace/cst336-github/Lab6/index.php:78
[31-Oct-2017 21:31:34 UTC] PHP Warning:  include(): Failed opening '../../database.php' for inclusion (include_path='.:/usr/share/php:/usr/share/pear') in /home/ubuntu/workspace/cst336-github/Lab6/index.php on line 23
[31-Oct-2017 21:31:34 UTC] PHP Stack trace:
[31-Oct-2017 21:31:34 UTC] PHP   1. {main}() /home/ubuntu/workspace/cst336-github/Lab6/index.php:0
[31-Oct-2017 21:31:34 UTC] PHP   2. loginProcess() /home/ubuntu/workspace/cst336-github/Lab6/index.php:78
[31-Oct-2017 21:31:34 UTC] PHP Fatal error:  Call to undefined function getDatabaseConnection() in /home/ubuntu/workspace/cst336-github/Lab6/index.php on line 24
[31-Oct-2017 21:31:34 UTC] PHP Stack trace:
[31-Oct-2017 21:31:34 UTC] PHP   1. {main}() /home/ubuntu/workspace/cst336-github/Lab6/index.php:0
[31-Oct-2017 21:31:34 UTC] PHP   2. loginProcess() /home/ubuntu/workspace/cst336-github/Lab6/index.php:78
[31-Oct-2017 21:32:22 UTC] PHP Warning:  include(../../database.php): failed to open stream: No such file or directory in /home/ubuntu/workspace/cst336-github/Lab6/index.php on line 23
[31-Oct-2017 21:32:22 UTC] PHP Stack trace:
[31-Oct-2017 21:32:22 UTC] PHP   1. {main}() /home/ubuntu/workspace/cst336-github/Lab6/index.php:0
[31-Oct-2017 21:32:22 UTC] PHP   2. loginProcess() /home/ubuntu/workspace/cst336-github/Lab6/index.php:78
[31-Oct-2017 21:32:22 UTC] PHP Warning:  include(): Failed opening '../../database.php' for inclusion (include_path='.:/usr/share/php:/usr/share/pear') in /home/ubuntu/workspace/cst336-github/Lab6/index.php on line 23
[31-Oct-2017 21:32:22 UTC] PHP Stack trace:
[31-Oct-2017 21:32:22 UTC] PHP   1. {main}() /home/ubuntu/workspace/cst336-github/Lab6/index.php:0
[31-Oct-2017 21:32:22 UTC] PHP   2. loginProcess() /home/ubuntu/workspace/cst336-github/Lab6/index.php:78
[31-Oct-2017 21:32:22 UTC] PHP Fatal error:  Call to undefined function getDatabaseConnection() in /home/ubuntu/workspace/cst336-github/Lab6/index.php on line 24
[31-Oct-2017 21:32:22 UTC] PHP Stack trace:
[31-Oct-2017 21:32:22 UTC] PHP   1. {main}() /home/ubuntu/workspace/cst336-github/Lab6/index.php:0
[31-Oct-2017 21:32:22 UTC] PHP   2. loginProcess() /home/ubuntu/workspace/cst336-github/Lab6/index.php:78
[31-Oct-2017 21:32:57 UTC] PHP Warning:  include(../../database.php): failed to open stream: No such file or directory in /home/ubuntu/workspace/cst336-github/Lab6/index.php on line 23
[31-Oct-2017 21:32:57 UTC] PHP Stack trace:
[31-Oct-2017 21:32:57 UTC] PHP   1. {main}() /home/ubuntu/workspace/cst336-github/Lab6/index.php:0
[31-Oct-2017 21:32:57 UTC] PHP   2. loginProcess() /home/ubuntu/workspace/cst336-github/Lab6/index.php:78
[31-Oct-2017 21:32:57 UTC] PHP Warning:  include(): Failed opening '../../database.php' for inclusion (include_path='.:/usr/share/php:/usr/share/pear') in /home/ubuntu/workspace/cst336-github/Lab6/index.php on line 23
[31-Oct-2017 21:32:57 UTC] PHP Stack trace:
[31-Oct-2017 21:32:57 UTC] PHP   1. {main}() /home/ubuntu/workspace/cst336-github/Lab6/index.php:0
[31-Oct-2017 21:32:57 UTC] PHP   2. loginProcess() /home/ubuntu/workspace/cst336-github/Lab6/index.php:78
[31-Oct-2017 21:32:57 UTC] PHP Fatal error:  Call to a member function prepare() on a non-object in /home/ubuntu/workspace/cst336-github/Lab6/index.php on line 34
[31-Oct-2017 21:32:57 UTC] PHP Stack trace:
[31-Oct-2017 21:32:57 UTC] PHP   1. {main}() /home/ubuntu/workspace/cst336-github/Lab6/index.php:0
[31-Oct-2017 21:32:57 UTC] PHP   2. loginProcess() /home/ubuntu/workspace/cst336-github/Lab6/index.php:78
[31-Oct-2017 21:33:00 UTC] PHP Warning:  include(../../database.php): failed to open stream: No such file or directory in /home/ubuntu/workspace/cst336-github/Lab6/index.php on line 23
[31-Oct-2017 21:33:00 UTC] PHP Stack trace:
[31-Oct-2017 21:33:00 UTC] PHP   1. {main}() /home/ubuntu/workspace/cst336-github/Lab6/index.php:0
[31-Oct-2017 21:33:00 UTC] PHP   2. loginProcess() /home/ubuntu/workspace/cst336-github/Lab6/index.php:78
[31-Oct-2017 21:33:00 UTC] PHP Warning:  include(): Failed opening '../../database.php' for inclusion (include_path='.:/usr/share/php:/usr/share/pear') in /home/ubuntu/workspace/cst336-github/Lab6/index.php on line 23
[31-Oct-2017 21:33:00 UTC] PHP Stack trace:
[31-Oct-2017 21:33:00 UTC] PHP   1. {main}() /home/ubuntu/workspace/cst336-github/Lab6/index.php:0
[31-Oct-2017 21:33:00 UTC] PHP   2. loginProcess() /home/ubuntu/workspace/cst336-github/Lab6/index.php:78
[31-Oct-2017 21:33:00 UTC] PHP Fatal error:  Call to a member function prepare() on a non-object in /home/ubuntu/workspace/cst336-github/Lab6/index.php on line 34
[31-Oct-2017 21:33:00 UTC] PHP Stack trace:
[31-Oct-2017 21:33:00 UTC] PHP   1. {main}() /home/ubuntu/workspace/cst336-github/Lab6/index.php:0
[31-Oct-2017 21:33:00 UTC] PHP   2. loginProcess() /home/ubuntu/workspace/cst336-github/Lab6/index.php:78
[31-Oct-2017 21:42:13 UTC] PHP Warning:  include(../../database.php): failed to open stream: No such file or directory in /home/ubuntu/workspace/cst336-github/Lab6/index.php on line 8
[31-Oct-2017 21:42:13 UTC] PHP Stack trace:
[31-Oct-2017 21:42:13 UTC] PHP   1. {main}() /home/ubuntu/workspace/cst336-github/Lab6/index.php:0
[31-Oct-2017 21:42:13 UTC] PHP   2. loginProcess() /home/ubuntu/workspace/cst336-github/Lab6/index.php:63
[31-Oct-2017 21:42:13 UTC] PHP Warning:  include(): Failed opening '../../database.php' for inclusion (include_path='.:/usr/share/php:/usr/share/pear') in /home/ubuntu/workspace/cst336-github/Lab6/index.php on line 8
[31-Oct-2017 21:42:13 UTC] PHP Stack trace:
[31-Oct-2017 21:42:13 UTC] PHP   1. {main}() /home/ubuntu/workspace/cst336-github/Lab6/index.php:0
[31-Oct-2017 21:42:13 UTC] PHP   2. loginProcess() /home/ubuntu/workspace/cst336-github/Lab6/index.php:63
[31-Oct-2017 21:42:13 UTC] PHP Fatal error:  Call to undefined function getDatabaseConnection() in /home/ubuntu/workspace/cst336-github/Lab6/index.php on line 9
[31-Oct-2017 21:42:13 UTC] PHP Stack trace:
[31-Oct-2017 21:42:13 UTC] PHP   1. {main}() /home/ubuntu/workspace/cst336-github/Lab6/index.php:0
[31-Oct-2017 21:42:13 UTC] PHP   2. loginProcess() /home/ubuntu/workspace/cst336-github/Lab6/index.php:63
[31-Oct-2017 21:42:46 UTC] PHP Warning:  include(../../database.php): failed to open stream: No such file or directory in /home/ubuntu/workspace/cst336-github/Lab6/index.php on line 8
[31-Oct-2017 21:42:47 UTC] PHP Stack trace:
[31-Oct-2017 21:42:47 UTC] PHP   1. {main}() /home/ubuntu/workspace/cst336-github/Lab6/index.php:0
[31-Oct-2017 21:42:47 UTC] PHP   2. loginProcess() /home/ubuntu/workspace/cst336-github/Lab6/index.php:63
[31-Oct-2017 21:42:47 UTC] PHP Warning:  include(): Failed opening '../../database.php' for inclusion (include_path='.:/usr/share/php:/usr/share/pear') in /home/ubuntu/workspace/cst336-github/Lab6/index.php on line 8
[31-Oct-2017 21:42:47 UTC] PHP Stack trace:
[31-Oct-2017 21:42:47 UTC] PHP   1. {main}() /home/ubuntu/workspace/cst336-github/Lab6/index.php:0
[31-Oct-2017 21:42:47 UTC] PHP   2. loginProcess() /home/ubuntu/workspace/cst336-github/Lab6/index.php:63
[31-Oct-2017 21:42:47 UTC] PHP Fatal error:  Call to undefined function getDatabaseConnection() in /home/ubuntu/workspace/cst336-github/Lab6/index.php on line 9
[31-Oct-2017 21:42:47 UTC] PHP Stack trace:
[31-Oct-2017 21:42:47 UTC] PHP   1. {main}() /home/ubuntu/workspace/cst336-github/Lab6/index.php:0
[31-Oct-2017 21:42:47 UTC] PHP   2. loginProcess() /home/ubuntu/workspace/cst336-github/Lab6/index.php:63
[31-Oct-2017 21:42:50 UTC] PHP Warning:  include(../../database.php): failed to open stream: No such file or directory in /home/ubuntu/workspace/cst336-github/Lab6/index.php on line 8
[31-Oct-2017 21:42:50 UTC] PHP Stack trace:
[31-Oct-2017 21:42:50 UTC] PHP   1. {main}() /home/ubuntu/workspace/cst336-github/Lab6/index.php:0
[31-Oct-2017 21:42:50 UTC] PHP   2. loginProcess() /home/ubuntu/workspace/cst336-github/Lab6/index.php:63
[31-Oct-2017 21:42:50 UTC] PHP Warning:  include(): Failed opening '../../database.php' for inclusion (include_path='.:/usr/share/php:/usr/share/pear') in /home/ubuntu/workspace/cst336-github/Lab6/index.php on line 8
[31-Oct-2017 21:42:50 UTC] PHP Stack trace:
[31-Oct-2017 21:42:50 UTC] PHP   1. {main}() /home/ubuntu/workspace/cst336-github/Lab6/index.php:0
[31-Oct-2017 21:42:50 UTC] PHP   2. loginProcess() /home/ubuntu/workspace/cst336-github/Lab6/index.php:63
[31-Oct-2017 21:42:50 UTC] PHP Fatal error:  Call to undefined function getDatabaseConnection() in /home/ubuntu/workspace/cst336-github/Lab6/index.php on line 9
[31-Oct-2017 21:42:50 UTC] PHP Stack trace:
[31-Oct-2017 21:42:50 UTC] PHP   1. {main}() /home/ubuntu/workspace/cst336-github/Lab6/index.php:0
[31-Oct-2017 21:42:50 UTC] PHP   2. loginProcess() /home/ubuntu/workspace/cst336-github/Lab6/index.php:63
[31-Oct-2017 21:43:37 UTC] PHP Warning:  include(../../database.php): failed to open stream: No such file or directory in /home/ubuntu/workspace/cst336-github/Lab6/index.php on line 8
[31-Oct-2017 21:43:37 UTC] PHP Stack trace:
[31-Oct-2017 21:43:37 UTC] PHP   1. {main}() /home/ubuntu/workspace/cst336-github/Lab6/index.php:0
[31-Oct-2017 21:43:37 UTC] PHP   2. loginProcess() /home/ubuntu/workspace/cst336-github/Lab6/index.php:63
[31-Oct-2017 21:43:37 UTC] PHP Warning:  include(): Failed opening '../../database.php' for inclusion (include_path='.:/usr/share/php:/usr/share/pear') in /home/ubuntu/workspace/cst336-github/Lab6/index.php on line 8
[31-Oct-2017 21:43:37 UTC] PHP Stack trace:
[31-Oct-2017 21:43:37 UTC] PHP   1. {main}() /home/ubuntu/workspace/cst336-github/Lab6/index.php:0
[31-Oct-2017 21:43:37 UTC] PHP   2. loginProcess() /home/ubuntu/workspace/cst336-github/Lab6/index.php:63
[31-Oct-2017 21:43:37 UTC] PHP Fatal error:  Call to undefined function getDatabaseConnection() in /home/ubuntu/workspace/cst336-github/Lab6/index.php on line 9
[31-Oct-2017 21:43:37 UTC] PHP Stack trace:
[31-Oct-2017 21:43:37 UTC] PHP   1. {main}() /home/ubuntu/workspace/cst336-github/Lab6/index.php:0
[31-Oct-2017 21:43:37 UTC] PHP   2. loginProcess() /home/ubuntu/workspace/cst336-github/Lab6/index.php:63
[31-Oct-2017 21:43:51 UTC] PHP Warning:  include(../../database.php): failed to open stream: No such file or directory in /home/ubuntu/workspace/cst336-github/Lab6/index.php on line 8
[31-Oct-2017 21:43:51 UTC] PHP Stack trace:
[31-Oct-2017 21:43:51 UTC] PHP   1. {main}() /home/ubuntu/workspace/cst336-github/Lab6/index.php:0
[31-Oct-2017 21:43:51 UTC] PHP   2. loginProcess() /home/ubuntu/workspace/cst336-github/Lab6/index.php:63
[31-Oct-2017 21:43:51 UTC] PHP Warning:  include(): Failed opening '../../database.php' for inclusion (include_path='.:/usr/share/php:/usr/share/pear') in /home/ubuntu/workspace/cst336-github/Lab6/index.php on line 8
[31-Oct-2017 21:43:51 UTC] PHP Stack trace:
[31-Oct-2017 21:43:51 UTC] PHP   1. {main}() /home/ubuntu/workspace/cst336-github/Lab6/index.php:0
[31-Oct-2017 21:43:51 UTC] PHP   2. loginProcess() /home/ubuntu/workspace/cst336-github/Lab6/index.php:63
[31-Oct-2017 21:43:51 UTC] PHP Fatal error:  Call to undefined function getDatabaseConnection() in /home/ubuntu/workspace/cst336-github/Lab6/index.php on line 9
[31-Oct-2017 21:43:51 UTC] PHP Stack trace:
[31-Oct-2017 21:43:51 UTC] PHP   1. {main}() /home/ubuntu/workspace/cst336-github/Lab6/index.php:0
[31-Oct-2017 21:43:51 UTC] PHP   2. loginProcess() /home/ubuntu/workspace/cst336-github/Lab6/index.php:63
[31-Oct-2017 21:43:54 UTC] PHP Warning:  include(../../database.php): failed to open stream: No such file or directory in /home/ubuntu/workspace/cst336-github/Lab6/index.php on line 8
[31-Oct-2017 21:43:54 UTC] PHP Stack trace:
[31-Oct-2017 21:43:54 UTC] PHP   1. {main}() /home/ubuntu/workspace/cst336-github/Lab6/index.php:0
[31-Oct-2017 21:43:54 UTC] PHP   2. loginProcess() /home/ubuntu/workspace/cst336-github/Lab6/index.php:63
[31-Oct-2017 21:43:54 UTC] PHP Warning:  include(): Failed opening '../../database.php' for inclusion (include_path='.:/usr/share/php:/usr/share/pear') in /home/ubuntu/workspace/cst336-github/Lab6/index.php on line 8
[31-Oct-2017 21:43:54 UTC] PHP Stack trace:
[31-Oct-2017 21:43:54 UTC] PHP   1. {main}() /home/ubuntu/workspace/cst336-github/Lab6/index.php:0
[31-Oct-2017 21:43:54 UTC] PHP   2. loginProcess() /home/ubuntu/workspace/cst336-github/Lab6/index.php:63
[31-Oct-2017 21:43:54 UTC] PHP Fatal error:  Call to undefined function getDatabaseConnection() in /home/ubuntu/workspace/cst336-github/Lab6/index.php on line 9
[31-Oct-2017 21:43:54 UTC] PHP Stack trace:
[31-Oct-2017 21:43:54 UTC] PHP   1. {main}() /home/ubuntu/workspace/cst336-github/Lab6/index.php:0
[31-Oct-2017 21:43:54 UTC] PHP   2. loginProcess() /home/ubuntu/workspace/cst336-github/Lab6/index.php:63
[31-Oct-2017 21:52:29 UTC] PHP Warning:  include(../../database.php): failed to open stream: No such file or directory in /home/ubuntu/workspace/cst336-github/Lab6/index.php on line 8
[31-Oct-2017 21:52:29 UTC] PHP Stack trace:
[31-Oct-2017 21:52:29 UTC] PHP   1. {main}() /home/ubuntu/workspace/cst336-github/Lab6/index.php:0
[31-Oct-2017 21:52:29 UTC] PHP   2. loginProcess() /home/ubuntu/workspace/cst336-github/Lab6/index.php:67
[31-Oct-2017 21:52:29 UTC] PHP Warning:  include(): Failed opening '../../database.php' for inclusion (include_path='.:/usr/share/php:/usr/share/pear') in /home/ubuntu/workspace/cst336-github/Lab6/index.php on line 8
[31-Oct-2017 21:52:29 UTC] PHP Stack trace:
[31-Oct-2017 21:52:29 UTC] PHP   1. {main}() /home/ubuntu/workspace/cst336-github/Lab6/index.php:0
[31-Oct-2017 21:52:29 UTC] PHP   2. loginProcess() /home/ubuntu/workspace/cst336-github/Lab6/index.php:67
[31-Oct-2017 21:52:29 UTC] PHP Fatal error:  Call to undefined function getDatabaseConnection() in /home/ubuntu/workspace/cst336-github/Lab6/index.php on line 9
[31-Oct-2017 21:52:29 UTC] PHP Stack trace:
[31-Oct-2017 21:52:29 UTC] PHP   1. {main}() /home/ubuntu/workspace/cst336-github/Lab6/index.php:0
[31-Oct-2017 21:52:29 UTC] PHP   2. loginProcess() /home/ubuntu/workspace/cst336-github/Lab6/index.php:67
[31-Oct-2017 22:00:11 UTC] PHP Warning:  include(/database.php): failed to open stream: No such file or directory in /home/ubuntu/workspace/cst336-github/Lab6/index.php on line 8
[31-Oct-2017 22:00:11 UTC] PHP Stack trace:
[31-Oct-2017 22:00:11 UTC] PHP   1. {main}() /home/ubuntu/workspace/cst336-github/Lab6/index.php:0
[31-Oct-2017 22:00:11 UTC] PHP   2. loginProcess() /home/ubuntu/workspace/cst336-github/Lab6/index.php:67
[31-Oct-2017 22:00:11 UTC] PHP Warning:  include(): Failed opening '/database.php' for inclusion (include_path='.:/usr/share/php:/usr/share/pear') in /home/ubuntu/workspace/cst336-github/Lab6/index.php on line 8
[31-Oct-2017 22:00:11 UTC] PHP Stack trace:
[31-Oct-2017 22:00:11 UTC] PHP   1. {main}() /home/ubuntu/workspace/cst336-github/Lab6/index.php:0
[31-Oct-2017 22:00:11 UTC] PHP   2. loginProcess() /home/ubuntu/workspace/cst336-github/Lab6/index.php:67
[31-Oct-2017 22:00:11 UTC] PHP Fatal error:  Call to undefined function getDatabaseConnection() in /home/ubuntu/workspace/cst336-github/Lab6/index.php on line 9
[31-Oct-2017 22:00:11 UTC] PHP Stack trace:
[31-Oct-2017 22:00:11 UTC] PHP   1. {main}() /home/ubuntu/workspace/cst336-github/Lab6/index.php:0
[31-Oct-2017 22:00:11 UTC] PHP   2. loginProcess() /home/ubuntu/workspace/cst336-github/Lab6/index.php:67
[31-Oct-2017 22:06:38 UTC] PHP Warning:  PDOStatement::execute(): SQLSTATE[HY093]: Invalid parameter number: parameter was not defined in /home/ubuntu/workspace/cst336-github/Lab6/index.php on line 24
[31-Oct-2017 22:06:38 UTC] PHP Stack trace:
[31-Oct-2017 22:06:38 UTC] PHP   1. {main}() /home/ubuntu/workspace/cst336-github/Lab6/index.php:0
[31-Oct-2017 22:06:38 UTC] PHP   2. loginProcess() /home/ubuntu/workspace/cst336-github/Lab6/index.php:67
[31-Oct-2017 22:06:38 UTC] PHP   3. PDOStatement->execute() /home/ubuntu/workspace/cst336-github/Lab6/index.php:24
[02-Nov-2017 00:14:43 UTC] PHP Warning:  include(../../database.php): failed to open stream: No such file or directory in /home/ubuntu/workspace/cst336-github/Lab6/admin.php on line 9
[02-Nov-2017 00:14:43 UTC] PHP Stack trace:
[02-Nov-2017 00:14:43 UTC] PHP   1. {main}() /home/ubuntu/workspace/cst336-github/Lab6/admin.php:0
[02-Nov-2017 00:14:43 UTC] PHP   2. userList() /home/ubuntu/workspace/cst336-github/Lab6/admin.php:44
[02-Nov-2017 00:14:43 UTC] PHP Warning:  include(): Failed opening '../../database.php' for inclusion (include_path='.:/usr/share/php:/usr/share/pear') in /home/ubuntu/workspace/cst336-github/Lab6/admin.php on line 9
[02-Nov-2017 00:14:43 UTC] PHP Stack trace:
[02-Nov-2017 00:14:43 UTC] PHP   1. {main}() /home/ubuntu/workspace/cst336-github/Lab6/admin.php:0
[02-Nov-2017 00:14:43 UTC] PHP   2. userList() /home/ubuntu/workspace/cst336-github/Lab6/admin.php:44
[02-Nov-2017 00:14:43 UTC] PHP Fatal error:  Call to undefined function getDatabaseConnection() in /home/ubuntu/workspace/cst336-github/Lab6/admin.php on line 10
[02-Nov-2017 00:14:43 UTC] PHP Stack trace:
[02-Nov-2017 00:14:43 UTC] PHP   1. {main}() /home/ubuntu/workspace/cst336-github/Lab6/admin.php:0
[02-Nov-2017 00:14:43 UTC] PHP   2. userList() /home/ubuntu/workspace/cst336-github/Lab6/admin.php:44
[02-Nov-2017 00:15:20 UTC] PHP Warning:  include(../../database.php): failed to open stream: No such file or directory in /home/ubuntu/workspace/cst336-github/Lab6/admin.php on line 9
[02-Nov-2017 00:15:20 UTC] PHP Stack trace:
[02-Nov-2017 00:15:20 UTC] PHP   1. {main}() /home/ubuntu/workspace/cst336-github/Lab6/admin.php:0
[02-Nov-2017 00:15:20 UTC] PHP   2. userList() /home/ubuntu/workspace/cst336-github/Lab6/admin.php:44
[02-Nov-2017 00:15:20 UTC] PHP Warning:  include(): Failed opening '../../database.php' for inclusion (include_path='.:/usr/share/php:/usr/share/pear') in /home/ubuntu/workspace/cst336-github/Lab6/admin.php on line 9
[02-Nov-2017 00:15:20 UTC] PHP Stack trace:
[02-Nov-2017 00:15:20 UTC] PHP   1. {main}() /home/ubuntu/workspace/cst336-github/Lab6/admin.php:0
[02-Nov-2017 00:15:20 UTC] PHP   2. userList() /home/ubuntu/workspace/cst336-github/Lab6/admin.php:44
[02-Nov-2017 00:15:20 UTC] PHP Fatal error:  Call to undefined function getDatabaseConnection() in /home/ubuntu/workspace/cst336-github/Lab6/admin.php on line 10
[02-Nov-2017 00:15:20 UTC] PHP Stack trace:
[02-Nov-2017 00:15:20 UTC] PHP   1. {main}() /home/ubuntu/workspace/cst336-github/Lab6/admin.php:0
[02-Nov-2017 00:15:20 UTC] PHP   2. userList() /home/ubuntu/workspace/cst336-github/Lab6/admin.php:44
[02-Nov-2017 00:18:28 UTC] PHP Warning:  include(../../database.php): failed to open stream: No such file or directory in /home/ubuntu/workspace/cst336-github/Lab6/admin.php on line 9
[02-Nov-2017 00:18:28 UTC] PHP Stack trace:
[02-Nov-2017 00:18:28 UTC] PHP   1. {main}() /home/ubuntu/workspace/cst336-github/Lab6/admin.php:0
[02-Nov-2017 00:18:28 UTC] PHP   2. userList() /home/ubuntu/workspace/cst336-github/Lab6/admin.php:44
[02-Nov-2017 00:18:28 UTC] PHP Warning:  include(): Failed opening '../../database.php' for inclusion (include_path='.:/usr/share/php:/usr/share/pear') in /home/ubuntu/workspace/cst336-github/Lab6/admin.php on line 9
[02-Nov-2017 00:18:28 UTC] PHP Stack trace:
[02-Nov-2017 00:18:28 UTC] PHP   1. {main}() /home/ubuntu/workspace/cst336-github/Lab6/admin.php:0
[02-Nov-2017 00:18:28 UTC] PHP   2. userList() /home/ubuntu/workspace/cst336-github/Lab6/admin.php:44
[02-Nov-2017 00:18:28 UTC] PHP Fatal error:  Call to undefined function getDatabaseConnection() in /home/ubuntu/workspace/cst336-github/Lab6/admin.php on line 10
[02-Nov-2017 00:18:28 UTC] PHP Stack trace:
[02-Nov-2017 00:18:28 UTC] PHP   1. {main}() /home/ubuntu/workspace/cst336-github/Lab6/admin.php:0
[02-Nov-2017 00:18:28 UTC] PHP   2. userList() /home/ubuntu/workspace/cst336-github/Lab6/admin.php:44
[04-Nov-2017 01:41:00 UTC] PHP Fatal error:  Uncaught exception 'PDOException' with message 'SQLSTATE[HY000] [1044] Access denied for user 'b3d374bc5def80'@'%' to database 'heroku_14ce4fd1a99cddb'' in /home/ubuntu/workspace/cst336-github/Lab6/database.php:21
Stack trace:
#0 /home/ubuntu/workspace/cst336-github/Lab6/database.php(21): PDO->__construct('mysql:host=us-c...', 'b3d374bc5def80', '6038e853')
#1 /home/ubuntu/workspace/cst336-github/Lab6/index.php(9): getDatabaseConnection()
#2 /home/ubuntu/workspace/cst336-github/Lab6/index.php(70): loginProcess()
#3 {main}
  thrown in /home/ubuntu/workspace/cst336-github/Lab6/database.php on line 21
[04-Nov-2017 01:45:12 UTC] PHP Fatal error:  Uncaught exception 'PDOException' with message 'SQLSTATE[HY000] [1045] Access denied for user 'root'@'ip-10-44-181-66.ec2.internal' (using password: YES)' in /home/ubuntu/workspace/cst336-github/Lab6/database.php:21
Stack trace:
#0 /home/ubuntu/workspace/cst336-github/Lab6/database.php(21): PDO->__construct('mysql:host=us-c...', 'root', 'cst336')
#1 /home/ubuntu/workspace/cst336-github/Lab6/index.php(9): getDatabaseConnection()
#2 /home/ubuntu/workspace/cst336-github/Lab6/index.php(70): loginProcess()
#3 {main}
  thrown in /home/ubuntu/workspace/cst336-github/Lab6/database.php on line 21
[04-Nov-2017 01:45:15 UTC] PHP Fatal error:  Uncaught exception 'PDOException' with message 'SQLSTATE[HY000] [1045] Access denied for user 'root'@'ip-10-171-194-27.ec2.internal' (using password: YES)' in /home/ubuntu/workspace/cst336-github/Lab6/database.php:21
Stack trace:
#0 /home/ubuntu/workspace/cst336-github/Lab6/database.php(21): PDO->__construct('mysql:host=us-c...', 'root', 'cst336')
#1 /home/ubuntu/workspace/cst336-github/Lab6/index.php(9): getDatabaseConnection()
#2 /home/ubuntu/workspace/cst336-github/Lab6/index.php(70): loginProcess()
#3 {main}
  thrown in /home/ubuntu/workspace/cst336-github/Lab6/database.php on line 21
[04-Nov-2017 01:45:19 UTC] PHP Fatal error:  Uncaught exception 'PDOException' with message 'SQLSTATE[HY000] [1045] Access denied for user 'root'@'ip-10-44-181-66.ec2.internal' (using password: YES)' in /home/ubuntu/workspace/cst336-github/Lab6/database.php:21
Stack trace:
#0 /home/ubuntu/workspace/cst336-github/Lab6/database.php(21): PDO->__construct('mysql:host=us-c...', 'root', 'cst336')
#1 /home/ubuntu/workspace/cst336-github/Lab6/index.php(9): getDatabaseConnection()
#2 /home/ubuntu/workspace/cst336-github/Lab6/index.php(70): loginProcess()
#3 {main}
  thrown in /home/ubuntu/workspace/cst336-github/Lab6/database.php on line 21
